{"/Users/wmiller/code/radiocalico/src/database.js": {"path":"/Users/wmiller/code/radiocalico/src/database.js","statementMap":{"0":{"start":{"line":1,"column":17},"end":{"line":1,"column":42}},"1":{"start":{"line":2,"column":13},"end":{"line":2,"column":28}},"2":{"start":{"line":3,"column":11},"end":{"line":3,"column":24}},"3":{"start":{"line":5,"column":15},"end":{"line":5,"column":63}},"4":{"start":{"line":6,"column":14},"end":{"line":6,"column":34}},"5":{"start":{"line":8,"column":0},"end":{"line":10,"column":1}},"6":{"start":{"line":9,"column":2},"end":{"line":9,"column":43}},"7":{"start":{"line":12,"column":11},"end":{"line":12,"column":31}},"8":{"start":{"line":14,"column":0},"end":{"line":21,"column":3}},"9":{"start":{"line":23,"column":0},"end":{"line":33,"column":3}},"10":{"start":{"line":35,"column":0},"end":{"line":37,"column":3}},"11":{"start":{"line":39,"column":0},"end":{"line":39,"column":20}}},"fnMap":{},"branchMap":{"0":{"loc":{"start":{"line":5,"column":15},"end":{"line":5,"column":63}},"type":"binary-expr","locations":[{"start":{"line":5,"column":15},"end":{"line":5,"column":40}},{"start":{"line":5,"column":44},"end":{"line":5,"column":63}}],"line":5},"1":{"loc":{"start":{"line":8,"column":0},"end":{"line":10,"column":1}},"type":"if","locations":[{"start":{"line":8,"column":0},"end":{"line":10,"column":1}},{"start":{},"end":{}}],"line":8}},"s":{"0":0,"1":0,"2":0,"3":0,"4":0,"5":0,"6":0,"7":0,"8":0,"9":0,"10":0,"11":0},"f":{},"b":{"0":[0,0],"1":[0,0]}}
}
